<?xml version="1.0" encoding="UTF-8"?>
<!-- Generated by org.testng.reporters.JUnitReportReporter -->
<testsuite skipped="0" hostname="DESKTOP-G5IAJLS" name="com.testng.practice.TestNGPractice1" tests="1" failures="0" timestamp="2021-06-24T12:07:04 IST" time="0.011" errors="0">
  <testcase name="practice" time="0.011" classname="com.testng.practice.TestNGPractice1"/>
  <system-out/>
</testsuite> <!-- com.testng.practice.TestNGPractice1 -->
